Removed Pin From Net: NetName=NetU1_3 Pin=U2-1
Removed Pin From Net: NetName=NetU1_4 Pin=U2-2
Removed Pin From Net: NetName=mux_out Pin=U2-3
Removed Pin From Net: NetName=NetU1_13 Pin=U2-4
Removed Pin From Net: NetName=NetU1_2 Pin=U2-5
Removed Pin From Net: NetName=GND Pin=U2-6
Removed Pin From Net: NetName=GND Pin=U2-7
Removed Pin From Net: NetName=GND Pin=U2-8
Removed Pin From Net: NetName=mux_c Pin=U2-9
Removed Pin From Net: NetName=mux_b Pin=U2-10
Removed Pin From Net: NetName=mux_a Pin=U2-11
Removed Pin From Net: NetName=NetU1_9 Pin=U2-13
Removed Pin From Net: NetName=NetU1_6 Pin=U2-15
Removed Pin From Net: NetName=VCC Pin=U2-16
Change Component Comment : Designator=Ragnd Old Comment=220 New Comment=2.2
Change Component Comment : Designator=Ravcc Old Comment=220 New Comment=2.2
Change Component Designator: OldDesignator=Dtvs2 NewDesignator=Dtvs
Added Pin To Net: NetName=mux_a Pin=U2-1
Added Pin To Net: NetName=mux_c Pin=U2-2
Added Pin To Net: NetName=GND Pin=U2-3
Added Pin To Net: NetName=GND Pin=U2-4
Added Pin To Net: NetName=mux_b Pin=U2-5
Added Pin To Net: NetName=NetU1_13 Pin=U2-6
Added Pin To Net: NetName=NetU1_6 Pin=U2-7
Added Pin To Net: NetName=mux_out Pin=U2-8
Added Pin To Net: NetName=NetU1_4 Pin=U2-9
Added Pin To Net: NetName=NetU1_2 Pin=U2-10
Added Pin To Net: NetName=NetU1_3 Pin=U2-11
Added Pin To Net: NetName=VCC Pin=U2-13
Added Pin To Net: NetName=GND Pin=U2-15
Added Pin To Net: NetName=NetU1_9 Pin=U2-16
Added Room: Name=Sheet1
