Added Component: Designator=Anemo(HDR1X4)
Add component. Clean all parameters for all variants
Add component (AddParameter): Name = "LatestRevisionDate"; Value = "17-Jul-2002"; VariantName = "[No Variations]"
Add component (AddParameter): Name = "LatestRevisionNote"; Value = "Re-released for DXP Platform."; VariantName = "[No Variations]"
Add component (AddParameter): Name = "Publisher"; Value = "Altium Limited"; VariantName = "[No Variations]"
Added Component: Designator=C1(RAD-0.3)
Add component. Clean all parameters for all variants
Add component (AddParameter): Name = "LatestRevisionDate"; Value = "17-Jul-2002"; VariantName = "[No Variations]"
Add component (AddParameter): Name = "LatestRevisionNote"; Value = "Re-released for DXP Platform."; VariantName = "[No Variations]"
Add component (AddParameter): Name = "PackageDescription"; Value = "Radial Cap, Thru-Hole; 2 Leads; 0.3 in Pin Spacing"; VariantName = "[No Variations]"
Add component (AddParameter): Name = "PackageReference"; Value = "RAD-0.3"; VariantName = "[No Variations]"
Add component (AddParameter): Name = "Published"; Value = "8-Jun-2000"; VariantName = "[No Variations]"
Add component (AddParameter): Name = "Publisher"; Value = "Altium Limited"; VariantName = "[No Variations]"
Add component (AddParameter): Name = "Value"; Value = "100nF"; VariantName = "[No Variations]"
Added Component: Designator=C2(RAD-0.3)
Add component. Clean all parameters for all variants
Add component (AddParameter): Name = "LatestRevisionDate"; Value = "17-Jul-2002"; VariantName = "[No Variations]"
Add component (AddParameter): Name = "LatestRevisionNote"; Value = "Re-released for DXP Platform."; VariantName = "[No Variations]"
Add component (AddParameter): Name = "PackageDescription"; Value = "Radial Cap, Thru-Hole; 2 Leads; 0.3 in Pin Spacing"; VariantName = "[No Variations]"
Add component (AddParameter): Name = "PackageReference"; Value = "RAD-0.3"; VariantName = "[No Variations]"
Add component (AddParameter): Name = "Published"; Value = "8-Jun-2000"; VariantName = "[No Variations]"
Add component (AddParameter): Name = "Publisher"; Value = "Altium Limited"; VariantName = "[No Variations]"
Add component (AddParameter): Name = "Value"; Value = "100nF"; VariantName = "[No Variations]"
Added Component: Designator=C3(RAD-0.3)
Add component. Clean all parameters for all variants
Add component (AddParameter): Name = "LatestRevisionDate"; Value = "17-Jul-2002"; VariantName = "[No Variations]"
Add component (AddParameter): Name = "LatestRevisionNote"; Value = "Re-released for DXP Platform."; VariantName = "[No Variations]"
Add component (AddParameter): Name = "PackageDescription"; Value = "Radial Cap, Thru-Hole; 2 Leads; 0.3 in Pin Spacing"; VariantName = "[No Variations]"
Add component (AddParameter): Name = "PackageReference"; Value = "RAD-0.3"; VariantName = "[No Variations]"
Add component (AddParameter): Name = "Published"; Value = "8-Jun-2000"; VariantName = "[No Variations]"
Add component (AddParameter): Name = "Publisher"; Value = "Altium Limited"; VariantName = "[No Variations]"
Add component (AddParameter): Name = "Value"; Value = "100nF"; VariantName = "[No Variations]"
Added Component: Designator=C4(RAD-0.3)
Add component. Clean all parameters for all variants
Add component (AddParameter): Name = "LatestRevisionDate"; Value = "17-Jul-2002"; VariantName = "[No Variations]"
Add component (AddParameter): Name = "LatestRevisionNote"; Value = "Re-released for DXP Platform."; VariantName = "[No Variations]"
Add component (AddParameter): Name = "PackageDescription"; Value = "Radial Cap, Thru-Hole; 2 Leads; 0.3 in Pin Spacing"; VariantName = "[No Variations]"
Add component (AddParameter): Name = "PackageReference"; Value = "RAD-0.3"; VariantName = "[No Variations]"
Add component (AddParameter): Name = "Published"; Value = "8-Jun-2000"; VariantName = "[No Variations]"
Add component (AddParameter): Name = "Publisher"; Value = "Altium Limited"; VariantName = "[No Variations]"
Add component (AddParameter): Name = "Value"; Value = "100pF"; VariantName = "[No Variations]"
Added Component: Designator=C5(RAD-0.3)
Add component. Clean all parameters for all variants
Add component (AddParameter): Name = "LatestRevisionDate"; Value = "17-Jul-2002"; VariantName = "[No Variations]"
Add component (AddParameter): Name = "LatestRevisionNote"; Value = "Re-released for DXP Platform."; VariantName = "[No Variations]"
Add component (AddParameter): Name = "PackageDescription"; Value = "Radial Cap, Thru-Hole; 2 Leads; 0.3 in Pin Spacing"; VariantName = "[No Variations]"
Add component (AddParameter): Name = "PackageReference"; Value = "RAD-0.3"; VariantName = "[No Variations]"
Add component (AddParameter): Name = "Published"; Value = "8-Jun-2000"; VariantName = "[No Variations]"
Add component (AddParameter): Name = "Publisher"; Value = "Altium Limited"; VariantName = "[No Variations]"
Add component (AddParameter): Name = "Value"; Value = "100pF"; VariantName = "[No Variations]"
Added Component: Designator=C6(RAD-0.3)
Add component. Clean all parameters for all variants
Add component (AddParameter): Name = "LatestRevisionDate"; Value = "17-Jul-2002"; VariantName = "[No Variations]"
Add component (AddParameter): Name = "LatestRevisionNote"; Value = "Re-released for DXP Platform."; VariantName = "[No Variations]"
Add component (AddParameter): Name = "PackageDescription"; Value = "Radial Cap, Thru-Hole; 2 Leads; 0.3 in Pin Spacing"; VariantName = "[No Variations]"
Add component (AddParameter): Name = "PackageReference"; Value = "RAD-0.3"; VariantName = "[No Variations]"
Add component (AddParameter): Name = "Published"; Value = "8-Jun-2000"; VariantName = "[No Variations]"
Add component (AddParameter): Name = "Publisher"; Value = "Altium Limited"; VariantName = "[No Variations]"
Add component (AddParameter): Name = "Value"; Value = "100pF"; VariantName = "[No Variations]"
Added Component: Designator=C7(RAD-0.3)
Add component. Clean all parameters for all variants
Add component (AddParameter): Name = "LatestRevisionDate"; Value = "17-Jul-2002"; VariantName = "[No Variations]"
Add component (AddParameter): Name = "LatestRevisionNote"; Value = "Re-released for DXP Platform."; VariantName = "[No Variations]"
Add component (AddParameter): Name = "PackageDescription"; Value = "Radial Cap, Thru-Hole; 2 Leads; 0.3 in Pin Spacing"; VariantName = "[No Variations]"
Add component (AddParameter): Name = "PackageReference"; Value = "RAD-0.3"; VariantName = "[No Variations]"
Add component (AddParameter): Name = "Published"; Value = "8-Jun-2000"; VariantName = "[No Variations]"
Add component (AddParameter): Name = "Publisher"; Value = "Altium Limited"; VariantName = "[No Variations]"
Add component (AddParameter): Name = "Value"; Value = "100pF"; VariantName = "[No Variations]"
Added Component: Designator=Counter(*DIP254P762X508-16)
Add component. Clean all parameters for all variants
Add component (AddParameter): Name = "Availability"; Value = "Unavailable"; VariantName = "[No Variations]"
Add component (AddParameter): Name = "MF"; Value = "Texas Instruments"; VariantName = "[No Variations]"
Add component (AddParameter): Name = "MP"; Value = "CD4040BE"; VariantName = "[No Variations]"
Add component (AddParameter): Name = "Package"; Value = "PDIP-16 Texas Instruments"; VariantName = "[No Variations]"
Add component (AddParameter): Name = "Price"; Value = "None"; VariantName = "[No Variations]"
Add component (AddParameter): Name = "SnapEDA_Link"; Value = "https://www.snapeda.com/parts/CD4040BE/Texas%20Instruments/view-part/?ref=snap"; VariantName = "[No Variations]"
Add component (AddParameter): Name = "Value"; Value = ""; VariantName = "[No Variations]"
Added Component: Designator=IO(HDR1X7)
Add component. Clean all parameters for all variants
Add component (AddParameter): Name = "LatestRevisionDate"; Value = "17-Jul-2002"; VariantName = "[No Variations]"
Add component (AddParameter): Name = "LatestRevisionNote"; Value = "Re-released for DXP Platform."; VariantName = "[No Variations]"
Add component (AddParameter): Name = "Publisher"; Value = "Altium Limited"; VariantName = "[No Variations]"
Added Component: Designator=MUX(*DIP254P762X508-16)
Add component. Clean all parameters for all variants
Add component (AddParameter): Name = "Availability"; Value = "Unavailable"; VariantName = "[No Variations]"
Add component (AddParameter): Name = "MF"; Value = "Texas Instruments"; VariantName = "[No Variations]"
Add component (AddParameter): Name = "MP"; Value = "CD4051BE"; VariantName = "[No Variations]"
Add component (AddParameter): Name = "Package"; Value = "DIP-16 Intersil"; VariantName = "[No Variations]"
Add component (AddParameter): Name = "Price"; Value = "None"; VariantName = "[No Variations]"
Add component (AddParameter): Name = "SnapEDA_Link"; Value = "https://www.snapeda.com/parts/CD4051BE/Texas%20Instruments/view-part/?ref=snap"; VariantName = "[No Variations]"
Add component (AddParameter): Name = "Value"; Value = ""; VariantName = "[No Variations]"
Added Component: Designator=Power(HDR1X2)
Add component. Clean all parameters for all variants
Add component (AddParameter): Name = "LatestRevisionDate"; Value = "17-Jul-2002"; VariantName = "[No Variations]"
Add component (AddParameter): Name = "LatestRevisionNote"; Value = "Re-released for DXP Platform."; VariantName = "[No Variations]"
Add component (AddParameter): Name = "Publisher"; Value = "Altium Limited"; VariantName = "[No Variations]"
Added Component: Designator=R1(AXIAL-0.3)
Add component. Clean all parameters for all variants
Add component (AddParameter): Name = "LatestRevisionDate"; Value = "17-Jul-2002"; VariantName = "[No Variations]"
Add component (AddParameter): Name = "LatestRevisionNote"; Value = "Re-released for DXP Platform."; VariantName = "[No Variations]"
Add component (AddParameter): Name = "PackageDescription"; Value = "Axial Device, Thru-Hole; 2 Leads; 0.3 in Pin Spacing"; VariantName = "[No Variations]"
Add component (AddParameter): Name = "PackageReference"; Value = "AXIAL-0.3"; VariantName = "[No Variations]"
Add component (AddParameter): Name = "Published"; Value = "8-Jun-2000"; VariantName = "[No Variations]"
Add component (AddParameter): Name = "Publisher"; Value = "Altium Limited"; VariantName = "[No Variations]"
Add component (AddParameter): Name = "Value"; Value = "10K"; VariantName = "[No Variations]"
Added Component: Designator=R2(AXIAL-0.3)
Add component. Clean all parameters for all variants
Add component (AddParameter): Name = "LatestRevisionDate"; Value = "17-Jul-2002"; VariantName = "[No Variations]"
Add component (AddParameter): Name = "LatestRevisionNote"; Value = "Re-released for DXP Platform."; VariantName = "[No Variations]"
Add component (AddParameter): Name = "PackageDescription"; Value = "Axial Device, Thru-Hole; 2 Leads; 0.3 in Pin Spacing"; VariantName = "[No Variations]"
Add component (AddParameter): Name = "PackageReference"; Value = "AXIAL-0.3"; VariantName = "[No Variations]"
Add component (AddParameter): Name = "Published"; Value = "8-Jun-2000"; VariantName = "[No Variations]"
Add component (AddParameter): Name = "Publisher"; Value = "Altium Limited"; VariantName = "[No Variations]"
Add component (AddParameter): Name = "Value"; Value = "10K"; VariantName = "[No Variations]"
Added Component: Designator=R3(AXIAL-0.3)
Add component. Clean all parameters for all variants
Add component (AddParameter): Name = "LatestRevisionDate"; Value = "17-Jul-2002"; VariantName = "[No Variations]"
Add component (AddParameter): Name = "LatestRevisionNote"; Value = "Re-released for DXP Platform."; VariantName = "[No Variations]"
Add component (AddParameter): Name = "PackageDescription"; Value = "Axial Device, Thru-Hole; 2 Leads; 0.3 in Pin Spacing"; VariantName = "[No Variations]"
Add component (AddParameter): Name = "PackageReference"; Value = "AXIAL-0.3"; VariantName = "[No Variations]"
Add component (AddParameter): Name = "Published"; Value = "8-Jun-2000"; VariantName = "[No Variations]"
Add component (AddParameter): Name = "Publisher"; Value = "Altium Limited"; VariantName = "[No Variations]"
Add component (AddParameter): Name = "Value"; Value = "10K"; VariantName = "[No Variations]"
Added Component: Designator=R4(AXIAL-0.3)
Add component. Clean all parameters for all variants
Add component (AddParameter): Name = "LatestRevisionDate"; Value = "17-Jul-2002"; VariantName = "[No Variations]"
Add component (AddParameter): Name = "LatestRevisionNote"; Value = "Re-released for DXP Platform."; VariantName = "[No Variations]"
Add component (AddParameter): Name = "PackageDescription"; Value = "Axial Device, Thru-Hole; 2 Leads; 0.3 in Pin Spacing"; VariantName = "[No Variations]"
Add component (AddParameter): Name = "PackageReference"; Value = "AXIAL-0.3"; VariantName = "[No Variations]"
Add component (AddParameter): Name = "Published"; Value = "8-Jun-2000"; VariantName = "[No Variations]"
Add component (AddParameter): Name = "Publisher"; Value = "Altium Limited"; VariantName = "[No Variations]"
Add component (AddParameter): Name = "Value"; Value = "10K"; VariantName = "[No Variations]"
Added Component: Designator=Switch(*DIP254P762X508-16)
Add component. Clean all parameters for all variants
Add component (AddParameter): Name = "Availability"; Value = "Unavailable"; VariantName = "[No Variations]"
Add component (AddParameter): Name = "MF"; Value = "Texas Instruments"; VariantName = "[No Variations]"
Add component (AddParameter): Name = "MP"; Value = "CD4051BE"; VariantName = "[No Variations]"
Add component (AddParameter): Name = "Package"; Value = "DIP-16 Intersil"; VariantName = "[No Variations]"
Add component (AddParameter): Name = "Price"; Value = "None"; VariantName = "[No Variations]"
Add component (AddParameter): Name = "SnapEDA_Link"; Value = "https://www.snapeda.com/parts/CD4051BE/Texas%20Instruments/view-part/?ref=snap"; VariantName = "[No Variations]"
Add component (AddParameter): Name = "Value"; Value = ""; VariantName = "[No Variations]"
Added Pin To Net: NetName=anemo_analog Pin=Anemo-3
Added Pin To Net: NetName=anemo_analog Pin=IO-1
Added Net: Name=anemo_analog
Added Pin To Net: NetName=anemo_reed Pin=Anemo-2
Added Pin To Net: NetName=anemo_reed Pin=Switch-3
Added Net: Name=anemo_reed
Added Pin To Net: NetName=cnt_in Pin=Counter-10
Added Pin To Net: NetName=cnt_in Pin=Switch-13
Added Net: Name=cnt_in
Added Pin To Net: NetName=cnt_rst Pin=Counter-11
Added Pin To Net: NetName=cnt_rst Pin=IO-6
Added Net: Name=cnt_rst
Added Pin To Net: NetName=GND Pin=Anemo-4
Added Pin To Net: NetName=GND Pin=C1-2
Added Pin To Net: NetName=GND Pin=C2-2
Added Pin To Net: NetName=GND Pin=C3-2
Added Pin To Net: NetName=GND Pin=C4-2
Added Pin To Net: NetName=GND Pin=C5-2
Added Pin To Net: NetName=GND Pin=C6-2
Added Pin To Net: NetName=GND Pin=C7-2
Added Pin To Net: NetName=GND Pin=Counter-8
Added Pin To Net: NetName=GND Pin=MUX-6
Added Pin To Net: NetName=GND Pin=MUX-7
Added Pin To Net: NetName=GND Pin=MUX-8
Added Pin To Net: NetName=GND Pin=Power-2
Added Pin To Net: NetName=GND Pin=R1-2
Added Pin To Net: NetName=GND Pin=R2-2
Added Pin To Net: NetName=GND Pin=R3-2
Added Pin To Net: NetName=GND Pin=R4-2
Added Pin To Net: NetName=GND Pin=Switch-6
Added Pin To Net: NetName=GND Pin=Switch-7
Added Pin To Net: NetName=GND Pin=Switch-8
Added Pin To Net: NetName=GND Pin=Switch-9
Added Pin To Net: NetName=GND Pin=Switch-10
Added Pin To Net: NetName=GND Pin=Switch-14
Added Net: Name=GND
Added Pin To Net: NetName=mux_a Pin=C4-1
Added Pin To Net: NetName=mux_a Pin=C5-1
Added Pin To Net: NetName=mux_a Pin=IO-3
Added Pin To Net: NetName=mux_a Pin=MUX-11
Added Pin To Net: NetName=mux_a Pin=R1-1
Added Pin To Net: NetName=mux_a Pin=R2-1
Added Net: Name=mux_a
Added Pin To Net: NetName=mux_b Pin=C6-1
Added Pin To Net: NetName=mux_b Pin=IO-4
Added Pin To Net: NetName=mux_b Pin=MUX-10
Added Pin To Net: NetName=mux_b Pin=R3-1
Added Net: Name=mux_b
Added Pin To Net: NetName=mux_c Pin=C7-1
Added Pin To Net: NetName=mux_c Pin=IO-5
Added Pin To Net: NetName=mux_c Pin=MUX-9
Added Pin To Net: NetName=mux_c Pin=R4-1
Added Net: Name=mux_c
Added Pin To Net: NetName=mux_out Pin=IO-2
Added Pin To Net: NetName=mux_out Pin=MUX-3
Added Net: Name=mux_out
Added Pin To Net: NetName=NetCounter_2 Pin=Counter-2
Added Pin To Net: NetName=NetCounter_2 Pin=MUX-5
Added Net: Name=NetCounter_2
Added Pin To Net: NetName=NetCounter_3 Pin=Counter-3
Added Pin To Net: NetName=NetCounter_3 Pin=MUX-1
Added Net: Name=NetCounter_3
Added Pin To Net: NetName=NetCounter_4 Pin=Counter-4
Added Pin To Net: NetName=NetCounter_4 Pin=MUX-2
Added Net: Name=NetCounter_4
Added Pin To Net: NetName=NetCounter_5 Pin=Counter-5
Added Pin To Net: NetName=NetCounter_5 Pin=MUX-12
Added Net: Name=NetCounter_5
Added Pin To Net: NetName=NetCounter_6 Pin=Counter-6
Added Pin To Net: NetName=NetCounter_6 Pin=MUX-15
Added Net: Name=NetCounter_6
Added Pin To Net: NetName=NetCounter_7 Pin=Counter-7
Added Pin To Net: NetName=NetCounter_7 Pin=MUX-14
Added Net: Name=NetCounter_7
Added Pin To Net: NetName=NetCounter_9 Pin=Counter-9
Added Pin To Net: NetName=NetCounter_9 Pin=MUX-13
Added Net: Name=NetCounter_9
Added Pin To Net: NetName=NetCounter_13 Pin=Counter-13
Added Pin To Net: NetName=NetCounter_13 Pin=MUX-4
Added Net: Name=NetCounter_13
Added Pin To Net: NetName=switch_off Pin=IO-7
Added Pin To Net: NetName=switch_off Pin=Switch-11
Added Net: Name=switch_off
Added Pin To Net: NetName=VCC Pin=Anemo-1
Added Pin To Net: NetName=VCC Pin=C1-1
Added Pin To Net: NetName=VCC Pin=C2-1
Added Pin To Net: NetName=VCC Pin=C3-1
Added Pin To Net: NetName=VCC Pin=Counter-16
Added Pin To Net: NetName=VCC Pin=MUX-16
Added Pin To Net: NetName=VCC Pin=Power-1
Added Pin To Net: NetName=VCC Pin=Switch-16
Added Net: Name=VCC
Added Class: Name=Sheet1
Added Room: Name=Sheet1
