Removed Pin From Net: NetName=mux_a Pin=C4-1
Removed Pin From Net: NetName=mux_a Pin=C5-1
Removed Pin From Net: NetName=mux_b Pin=C6-1
Removed Pin From Net: NetName=mux_c Pin=C7-1
Removed Pin From Net: NetName=mux_a Pin=R1-1
Removed Pin From Net: NetName=mux_a Pin=R2-1
Removed Pin From Net: NetName=mux_b Pin=R3-1
Removed Pin From Net: NetName=mux_c Pin=R4-1
Change Component Footprint: Designator=R1 Old Footprint=AXIAL-0.3 New Footprint=R0805(2012)_M
Change Component Footprint: Designator=R2 Old Footprint=AXIAL-0.3 New Footprint=R0805(2012)_M
Change Component Footprint: Designator=R3 Old Footprint=AXIAL-0.3 New Footprint=R0805(2012)_M
Change Component Footprint: Designator=R4 Old Footprint=AXIAL-0.3 New Footprint=R0805(2012)_M
Change Component Footprint: Designator=C1 Old Footprint=RAD-0.3 New Footprint=C0805(2012)_M
Change Component Footprint: Designator=C2 Old Footprint=RAD-0.3 New Footprint=C0805(2012)_M
Change Component Footprint: Designator=C5 Old Footprint=RAD-0.3 New Footprint=C0805(2012)_M
Change Component Footprint: Designator=C6 Old Footprint=RAD-0.3 New Footprint=C0805(2012)_M
Change Component Footprint: Designator=C7 Old Footprint=RAD-0.3 New Footprint=C0805(2012)_M
Change Component Footprint: Designator=C3 Old Footprint=RAD-0.3 New Footprint=C-SMD-ELKO-D
Change Component Footprint: Designator=C4 Old Footprint=RAD-0.3 New Footprint=C-SMD-ELKO-D
Change Component Comment : Designator=C3 Old Comment=Cap New Comment=10uF
Change Component Comment : Designator=C1 Old Comment=Cap New Comment=100nF
Change Component Comment : Designator=C2 Old Comment=Cap New Comment=100nF
Change Component Comment : Designator=C5 Old Comment=Cap New Comment=100pF
Change Component Comment : Designator=C6 Old Comment=Cap New Comment=100pF
Change Component Comment : Designator=C7 Old Comment=Cap New Comment=100pF
Change Component Comment : Designator=C4 Old Comment=Cap New Comment=100uF
Change Component Comment : Designator=R1 Old Comment=Res1 New Comment=10k
Change Component Comment : Designator=R2 Old Comment=Res1 New Comment=10k
Change Component Comment : Designator=R3 Old Comment=Res1 New Comment=10k
Change Component Comment : Designator=R4 Old Comment=Res1 New Comment=10k
Change component parameters: Designator = "C1"; Footprint = "C0805(2012)_M"; UniqueID = "\JLEIEBVW"
Change component parameters. Clean all parameters for all variants
Change component parameters: Designator = "C2"; Footprint = "C0805(2012)_M"; UniqueID = "\USZLGCQG"
Change component parameters. Clean all parameters for all variants
Change component parameters: Designator = "C3"; Footprint = "C-SMD-ELKO-D"; UniqueID = "\TDQKWCSD"
Change component parameters. Clean all parameters for all variants
Change component parameters: Designator = "C4"; Footprint = "C-SMD-ELKO-D"; UniqueID = "\JCKAIIKV"
Change component parameters. Clean all parameters for all variants
Change component parameters: Designator = "C5"; Footprint = "C0805(2012)_M"; UniqueID = "\UMDJUCWK"
Change component parameters. Clean all parameters for all variants
Change component parameters: Designator = "C6"; Footprint = "C0805(2012)_M"; UniqueID = "\PLTDUUZJ"
Change component parameters. Clean all parameters for all variants
Change component parameters: Designator = "C7"; Footprint = "C0805(2012)_M"; UniqueID = "\OQMSYTSX"
Change component parameters. Clean all parameters for all variants
Change component parameters: Designator = "R1"; Footprint = "R0805(2012)_M"; UniqueID = "\ZMUJLJHP"
Change component parameters. Clean all parameters for all variants
Change component parameters: Designator = "R2"; Footprint = "R0805(2012)_M"; UniqueID = "\QAMAUOAI"
Change component parameters. Clean all parameters for all variants
Change component parameters: Designator = "R3"; Footprint = "R0805(2012)_M"; UniqueID = "\ERMOAQTM"
Change component parameters. Clean all parameters for all variants
Change component parameters: Designator = "R4"; Footprint = "R0805(2012)_M"; UniqueID = "\HJSLSVTG"
Change component parameters. Clean all parameters for all variants
Added Component: Designator=C8(C0805(2012)_M)
Add component. Clean all parameters for all variants
Added Component: Designator=C9(C0805(2012)_M)
Add component. Clean all parameters for all variants
Added Component: Designator=C10(C0805(2012)_M)
Add component. Clean all parameters for all variants
Added Component: Designator=C11(C0805(2012)_M)
Add component. Clean all parameters for all variants
Added Component: Designator=R5(R0805(2012)_M)
Add component. Clean all parameters for all variants
Added Component: Designator=R6(R0805(2012)_M)
Add component. Clean all parameters for all variants
Added Pin To Net: NetName=VCC Pin=C4-1
Added Pin To Net: NetName=cnt_rst Pin=C5-1
Added Pin To Net: NetName=cnt_in Pin=C6-1
Added Pin To Net: NetName=mux_a Pin=C7-1
Added Pin To Net: NetName=mux_b Pin=C8-1
Added Pin To Net: NetName=GND Pin=C8-2
Added Pin To Net: NetName=mux_c Pin=C9-1
Added Pin To Net: NetName=GND Pin=C9-2
Added Pin To Net: NetName=VCC Pin=C10-1
Added Pin To Net: NetName=GND Pin=C10-2
Added Pin To Net: NetName=switch_off Pin=C11-1
Added Pin To Net: NetName=GND Pin=C11-2
Added Pin To Net: NetName=cnt_rst Pin=R1-1
Added Pin To Net: NetName=cnt_in Pin=R2-1
Added Pin To Net: NetName=mux_a Pin=R3-1
Added Pin To Net: NetName=mux_b Pin=R4-1
Added Pin To Net: NetName=mux_c Pin=R5-1
Added Pin To Net: NetName=GND Pin=R5-2
Added Pin To Net: NetName=switch_off Pin=R6-1
Added Pin To Net: NetName=GND Pin=R6-2
Change Net Name : Old Net Name=switch_off New Net Name=cnt_en
Added Member To Class: ClassName=Sheet1 Member=Component C8 100pF
Added Member To Class: ClassName=Sheet1 Member=Component C9 100pF
Added Member To Class: ClassName=Sheet1 Member=Component C10 100nF
Added Member To Class: ClassName=Sheet1 Member=Component C11 100pF
Added Member To Class: ClassName=Sheet1 Member=Component R5 10k
Added Member To Class: ClassName=Sheet1 Member=Component R6 10k
