Removed Pin From Net: NetName=NetCounter_2 Pin=Counter-2
Removed Pin From Net: NetName=NetCounter_3 Pin=Counter-3
Removed Pin From Net: NetName=NetCounter_4 Pin=Counter-4
Removed Pin From Net: NetName=NetCounter_5 Pin=Counter-5
Removed Pin From Net: NetName=NetCounter_6 Pin=Counter-6
Removed Pin From Net: NetName=NetCounter_7 Pin=Counter-7
Removed Pin From Net: NetName=GND Pin=Counter-8
Removed Pin From Net: NetName=NetCounter_9 Pin=Counter-9
Removed Pin From Net: NetName=cnt_in Pin=Counter-10
Removed Pin From Net: NetName=cnt_rst Pin=Counter-11
Removed Pin From Net: NetName=NetCounter_13 Pin=Counter-13
Removed Pin From Net: NetName=VCC Pin=Counter-16
Removed Member From Class: ClassName=Sheet1 Member=Counter
Change Component Footprint: Designator=MUX Old Footprint=*DIP254P762X508-16 New Footprint=*SOIC16
Change Component Footprint: Designator=Switch Old Footprint=*DIP254P762X508-16 New Footprint=*SOIC16
Change Component Designator: OldDesignator=MUX NewDesignator=U2
Change Component Designator: OldDesignator=Switch NewDesignator=U3
Change Net Name : Old Net Name=NetCounter_2 New Net Name=NetU1_2
Change Net Name : Old Net Name=NetCounter_3 New Net Name=NetU1_3
Change Net Name : Old Net Name=NetCounter_4 New Net Name=NetU1_4
Change Net Name : Old Net Name=NetCounter_5 New Net Name=NetU1_5
Change Net Name : Old Net Name=NetCounter_6 New Net Name=NetU1_6
Change Net Name : Old Net Name=NetCounter_7 New Net Name=NetU1_7
Change Net Name : Old Net Name=NetCounter_9 New Net Name=NetU1_9
Change Net Name : Old Net Name=NetCounter_13 New Net Name=NetU1_13
Added Room: Name=Sheet1
